2010-02-04 22:22:38 Notice: Notice (1024): Please change the value of 'Security.salt' in app/config/core.php to a salt value specific to your application in [CORE/cake/libs/debugger.php, line 556]
2010-02-04 22:22:38 Notice: Notice (1024): Please change the value of 'Security.salt' in app/config/core.php to a salt value specific to your application in [CORE/cake/libs/debugger.php, line 556]
2010-02-04 22:26:53 Notice: Notice (1024): Please change the value of 'Security.salt' in app/config/core.php to a salt value specific to your application in [CORE/cake/libs/debugger.php, line 556]
2010-02-04 22:28:02 Notice: Notice (1024): Please change the value of 'Security.salt' in app/config/core.php to a salt value specific to your application in [CORE/cake/libs/debugger.php, line 556]
2010-02-04 22:28:32 Notice: Notice (1024): Please change the value of 'Security.salt' in app/config/core.php to a salt value specific to your application in [CORE/cake/libs/debugger.php, line 556]
2010-02-04 22:37:42 Notice: Notice (1024): Please change the value of 'Security.salt' in app/config/core.php to a salt value specific to your application in [CORE/cake/libs/debugger.php, line 556]
2010-02-04 22:37:42 Notice: Notice (8): Undefined variable: javascript in [APP/views/layouts/default.ctp, line 13]
2010-02-04 22:41:13 Notice: Notice (8): Undefined variable: javascript in [APP/views/layouts/default.ctp, line 13]
2010-02-04 22:41:16 Notice: Notice (8): Undefined variable: javascript in [APP/views/layouts/default.ctp, line 13]
2010-02-04 22:41:22 Notice: Notice (8): Undefined variable: javascript in [APP/views/layouts/default.ctp, line 13]
2010-02-04 22:41:47 Notice: Notice (8): Undefined variable: javascript in [APP/views/layouts/default.ctp, line 13]
2010-02-04 22:41:50 Notice: Notice (8): Undefined variable: javascript in [APP/views/layouts/default.ctp, line 13]
2010-02-04 22:42:18 Notice: Notice (8): Undefined variable: javascript in [APP/views/layouts/default.ctp, line 13]
2010-02-04 22:42:32 Notice: Notice (8): Undefined variable: javascript in [APP/views/layouts/default.ctp, line 13]
2010-02-04 22:42:32 Notice: Notice (8): Undefined variable: javascript in [APP/views/layouts/default.ctp, line 13]
2010-02-04 22:44:27 Notice: Notice (1024): Please change the value of 'Security.salt' in app/config/core.php to a salt value specific to your application in [CORE/cake/libs/debugger.php, line 556]
2010-02-04 22:44:39 Notice: Notice (1024): Please change the value of 'Security.salt' in app/config/core.php to a salt value specific to your application in [CORE/cake/libs/debugger.php, line 556]
2010-02-04 22:44:43 Notice: Notice (1024): Please change the value of 'Security.salt' in app/config/core.php to a salt value specific to your application in [CORE/cake/libs/debugger.php, line 556]
2010-02-04 22:45:29 Notice: Notice (1024): Please change the value of 'Security.salt' in app/config/core.php to a salt value specific to your application in [CORE/cake/libs/debugger.php, line 556]
2010-02-04 22:47:15 Notice: Notice (1024): Please change the value of 'Security.salt' in app/config/core.php to a salt value specific to your application in [CORE/cake/libs/debugger.php, line 556]
2010-02-04 22:48:00 Notice: Notice (1024): Please change the value of 'Security.salt' in app/config/core.php to a salt value specific to your application in [CORE/cake/libs/debugger.php, line 556]
2010-02-04 22:49:02 Notice: Notice (1024): Please change the value of 'Security.salt' in app/config/core.php to a salt value specific to your application in [CORE/cake/libs/debugger.php, line 556]
2010-02-04 22:50:16 Notice: Notice (1024): Please change the value of 'Security.salt' in app/config/core.php to a salt value specific to your application in [CORE/cake/libs/debugger.php, line 556]
2010-02-04 22:50:50 Notice: Notice (1024): Please change the value of 'Security.salt' in app/config/core.php to a salt value specific to your application in [CORE/cake/libs/debugger.php, line 556]
2010-02-04 22:50:52 Notice: Notice (1024): Please change the value of 'Security.salt' in app/config/core.php to a salt value specific to your application in [CORE/cake/libs/debugger.php, line 556]
2010-02-04 22:50:53 Notice: Notice (1024): Please change the value of 'Security.salt' in app/config/core.php to a salt value specific to your application in [CORE/cake/libs/debugger.php, line 556]
2010-02-04 22:50:53 Notice: Notice (1024): Please change the value of 'Security.salt' in app/config/core.php to a salt value specific to your application in [CORE/cake/libs/debugger.php, line 556]
2010-02-04 22:58:11 Notice: Notice (8): Undefined variable: axioma in [APP/views/layouts/default.ctp, line 62]
2010-02-04 22:58:11 Notice: Notice (8): Undefined variable: axioma in [APP/views/layouts/default.ctp, line 86]
2010-02-04 22:58:11 Notice: Notice (8): Undefined variable: axioma in [APP/views/layouts/default.ctp, line 62]
2010-02-04 22:58:11 Notice: Notice (8): Undefined variable: axioma in [APP/views/layouts/default.ctp, line 86]
2010-02-04 22:58:11 Notice: Notice (8): Undefined variable: axioma in [APP/views/layouts/default.ctp, line 62]
2010-02-04 22:58:11 Notice: Notice (8): Undefined variable: axioma in [APP/views/layouts/default.ctp, line 86]
2010-02-04 22:58:11 Notice: Notice (8): Undefined variable: axioma in [APP/views/layouts/default.ctp, line 62]
2010-02-04 22:58:11 Notice: Notice (8): Undefined variable: axioma in [APP/views/layouts/default.ctp, line 86]
2010-02-04 22:58:12 Notice: Notice (8): Undefined variable: axioma in [APP/views/layouts/default.ctp, line 62]
2010-02-04 22:58:12 Notice: Notice (8): Undefined variable: axioma in [APP/views/layouts/default.ctp, line 86]
2010-02-04 23:19:51 Notice: Notice (8): Undefined variable: debug in [APP/views/layouts/default.ctp, line 108]
2010-02-04 23:19:51 Notice: Notice (8): Undefined variable: debug in [APP/views/layouts/default.ctp, line 108]
2010-02-04 23:19:51 Notice: Notice (8): Undefined variable: debug in [APP/views/layouts/default.ctp, line 108]
2010-02-07 16:37:45 Notice: Notice (8): Undefined index:  id in [CORE/cake/libs/view/scaffolds/index.ctp, line 65]
2010-02-07 16:37:45 Notice: Notice (8): Undefined index:  id in [CORE/cake/libs/view/scaffolds/index.ctp, line 66]
2010-02-07 16:37:45 Notice: Notice (8): Undefined index:  id in [CORE/cake/libs/view/scaffolds/index.ctp, line 67]
2010-02-07 16:38:20 Notice: Notice (8): Undefined index:  id in [CORE/cake/libs/view/scaffolds/index.ctp, line 65]
2010-02-07 16:38:20 Notice: Notice (8): Undefined index:  id in [CORE/cake/libs/view/scaffolds/index.ctp, line 66]
2010-02-07 16:38:20 Notice: Notice (8): Undefined index:  id in [CORE/cake/libs/view/scaffolds/index.ctp, line 67]
2010-02-07 21:36:22 Notice: Notice (8): Undefined property: ScaffoldView::$col_izq in [APP/views/layouts/default.ctp, line 51]
2010-02-07 21:36:22 Notice: Notice (8): Undefined property: ScaffoldView::$col_der in [APP/views/layouts/default.ctp, line 72]
2010-02-07 21:36:22 Notice: Notice (8): Undefined property: View::$col_izq in [APP/views/layouts/default.ctp, line 51]
2010-02-07 21:36:22 Notice: Notice (8): Undefined property: View::$col_der in [APP/views/layouts/default.ctp, line 72]
2010-02-07 21:36:22 Notice: Notice (8): Undefined property: View::$col_izq in [APP/views/layouts/default.ctp, line 51]
2010-02-07 21:36:22 Notice: Notice (8): Undefined property: View::$col_der in [APP/views/layouts/default.ctp, line 72]
2010-02-07 21:40:17 Notice: Notice (8): Undefined property: ScaffoldView::$col_izq in [APP/views/layouts/default.ctp, line 51]
2010-02-07 21:40:17 Notice: Notice (8): Undefined property: ScaffoldView::$col_der in [APP/views/layouts/default.ctp, line 72]
2010-02-07 21:40:18 Notice: Notice (8): Undefined property: View::$col_izq in [APP/views/layouts/default.ctp, line 51]
2010-02-07 21:40:18 Notice: Notice (8): Undefined property: View::$col_der in [APP/views/layouts/default.ctp, line 72]
2010-02-07 21:40:18 Notice: Notice (8): Undefined property: View::$col_izq in [APP/views/layouts/default.ctp, line 51]
2010-02-07 21:40:18 Notice: Notice (8): Undefined property: View::$col_der in [APP/views/layouts/default.ctp, line 72]
2010-02-07 21:52:18 Notice: Notice (8): Undefined property: View::$col_izq in [APP/views/layouts/default.ctp, line 51]
2010-02-07 21:52:18 Notice: Notice (8): Undefined property: View::$col_izq in [APP/views/layouts/default.ctp, line 51]
2010-02-07 21:52:18 Notice: Notice (8): Undefined property: View::$col_izq in [APP/views/layouts/default.ctp, line 51]
2010-02-07 21:52:27 Notice: Notice (8): Undefined variable: col_izq in [APP/views/layouts/default.ctp, line 51]
2010-02-07 21:52:27 Notice: Notice (8): Undefined variable: col_izq in [APP/views/layouts/default.ctp, line 51]
2010-02-07 21:52:42 Notice: Notice (8): Undefined variable: col_izq in [APP/views/layouts/default.ctp, line 51]
2010-02-07 21:52:42 Notice: Notice (8): Undefined variable: col_izq in [APP/views/layouts/default.ctp, line 51]
2010-02-07 21:52:42 Notice: Notice (8): Undefined variable: col_der in [APP/views/layouts/default.ctp, line 72]
2010-02-07 21:52:42 Notice: Notice (8): Undefined variable: col_der in [APP/views/layouts/default.ctp, line 72]
2010-02-07 21:53:22 Notice: Notice (8): Undefined variable: col_izq in [APP/views/layouts/default.ctp, line 51]
2010-02-07 21:53:22 Notice: Notice (8): Undefined variable: col_der in [APP/views/layouts/default.ctp, line 72]
2010-02-07 21:53:22 Notice: Notice (8): Undefined variable: col_izq in [APP/views/layouts/default.ctp, line 51]
2010-02-07 21:53:22 Notice: Notice (8): Undefined variable: col_der in [APP/views/layouts/default.ctp, line 72]
2010-02-07 21:54:22 Notice: Notice (8): Undefined variable: col_izq in [APP/views/layouts/default.ctp, line 51]
2010-02-07 21:54:22 Notice: Notice (8): Undefined variable: col_der in [APP/views/layouts/default.ctp, line 72]
2010-02-07 21:54:22 Notice: Notice (8): Undefined variable: col_izq in [APP/views/layouts/default.ctp, line 51]
2010-02-07 21:54:22 Notice: Notice (8): Undefined variable: col_der in [APP/views/layouts/default.ctp, line 72]
2010-02-07 21:55:04 Notice: Notice (8): Undefined variable: col_izq in [APP/views/layouts/default.ctp, line 51]
2010-02-07 21:55:04 Notice: Notice (8): Undefined variable: col_der in [APP/views/layouts/default.ctp, line 72]
2010-02-07 21:55:04 Notice: Notice (8): Undefined variable: col_izq in [APP/views/layouts/default.ctp, line 51]
2010-02-07 21:55:04 Notice: Notice (8): Undefined variable: col_der in [APP/views/layouts/default.ctp, line 72]
2010-02-07 21:55:58 Notice: Notice (8): Undefined variable: col_izq in [APP/views/layouts/default.ctp, line 51]
2010-02-07 21:55:58 Notice: Notice (8): Undefined variable: col_der in [APP/views/layouts/default.ctp, line 72]
2010-02-07 21:55:58 Notice: Notice (8): Undefined variable: col_izq in [APP/views/layouts/default.ctp, line 51]
2010-02-07 21:55:58 Notice: Notice (8): Undefined variable: col_der in [APP/views/layouts/default.ctp, line 72]
2010-02-07 21:56:48 Notice: Notice (8): Undefined variable: col_izq in [APP/views/layouts/default.ctp, line 51]
2010-02-07 21:56:48 Notice: Notice (8): Undefined variable: col_izq in [APP/views/layouts/default.ctp, line 51]
2010-02-07 21:56:48 Notice: Notice (8): Undefined variable: col_der in [APP/views/layouts/default.ctp, line 72]
2010-02-07 21:56:48 Notice: Notice (8): Undefined variable: col_der in [APP/views/layouts/default.ctp, line 72]
2010-02-07 21:57:56 Notice: Notice (8): Undefined variable: col_izq in [APP/views/layouts/default.ctp, line 51]
2010-02-07 21:57:56 Notice: Notice (8): Undefined variable: col_der in [APP/views/layouts/default.ctp, line 72]
2010-02-07 21:57:56 Notice: Notice (8): Undefined variable: col_izq in [APP/views/layouts/default.ctp, line 51]
2010-02-07 21:57:56 Notice: Notice (8): Undefined variable: col_der in [APP/views/layouts/default.ctp, line 72]
2010-02-07 21:59:10 Notice: Notice (8): Undefined variable: col_izq in [APP/views/layouts/default.ctp, line 51]
2010-02-07 21:59:10 Notice: Notice (8): Undefined variable: col_der in [APP/views/layouts/default.ctp, line 72]
2010-02-07 21:59:10 Notice: Notice (8): Undefined variable: col_izq in [APP/views/layouts/default.ctp, line 51]
2010-02-07 21:59:10 Notice: Notice (8): Undefined variable: col_der in [APP/views/layouts/default.ctp, line 72]
2010-02-07 21:59:46 Notice: Notice (8): Undefined variable: col_izq in [APP/views/layouts/default.ctp, line 51]
2010-02-07 21:59:46 Notice: Notice (8): Undefined variable: col_der in [APP/views/layouts/default.ctp, line 72]
2010-02-07 21:59:46 Notice: Notice (8): Undefined variable: col_izq in [APP/views/layouts/default.ctp, line 51]
2010-02-07 21:59:46 Notice: Notice (8): Undefined variable: col_der in [APP/views/layouts/default.ctp, line 72]
2010-02-07 22:00:01 Notice: Notice (8): Undefined variable: col_izq in [APP/views/layouts/default.ctp, line 51]
2010-02-07 22:00:01 Notice: Notice (8): Undefined variable: col_der in [APP/views/layouts/default.ctp, line 72]
2010-02-07 22:00:01 Notice: Notice (8): Undefined variable: col_izq in [APP/views/layouts/default.ctp, line 51]
2010-02-07 22:00:01 Notice: Notice (8): Undefined variable: col_der in [APP/views/layouts/default.ctp, line 72]
2010-02-07 22:00:01 Notice: Notice (8): Undefined variable: col_izq in [APP/views/layouts/default.ctp, line 51]
2010-02-07 22:00:01 Notice: Notice (8): Undefined variable: col_der in [APP/views/layouts/default.ctp, line 72]
2010-02-07 22:21:50 Notice: Notice (8): Undefined variable: col_izq in [APP/views/layouts/default.ctp, line 51]
2010-02-07 22:21:50 Notice: Notice (8): Undefined variable: col_der in [APP/views/layouts/default.ctp, line 72]
2010-02-07 22:21:51 Notice: Notice (8): Undefined variable: col_izq in [APP/views/layouts/default.ctp, line 51]
2010-02-07 22:21:51 Notice: Notice (8): Undefined variable: col_der in [APP/views/layouts/default.ctp, line 72]
2010-02-07 22:21:51 Notice: Notice (8): Undefined variable: col_izq in [APP/views/layouts/default.ctp, line 51]
2010-02-07 22:21:51 Notice: Notice (8): Undefined variable: col_izq in [APP/views/layouts/default.ctp, line 51]
2010-02-07 22:21:51 Notice: Notice (8): Undefined variable: col_der in [APP/views/layouts/default.ctp, line 72]
2010-02-07 22:21:51 Notice: Notice (8): Undefined variable: col_izq in [APP/views/layouts/default.ctp, line 51]
2010-02-07 22:21:51 Notice: Notice (8): Undefined variable: col_der in [APP/views/layouts/default.ctp, line 72]
2010-02-07 22:21:51 Notice: Notice (8): Undefined variable: col_izq in [APP/views/layouts/default.ctp, line 51]
2010-02-07 22:21:51 Notice: Notice (8): Undefined variable: col_der in [APP/views/layouts/default.ctp, line 72]
2010-02-07 22:21:51 Notice: Notice (8): Undefined variable: col_der in [APP/views/layouts/default.ctp, line 72]
2010-02-07 22:21:51 Notice: Notice (8): Undefined variable: col_izq in [APP/views/layouts/default.ctp, line 51]
2010-02-07 22:21:51 Notice: Notice (8): Undefined variable: col_der in [APP/views/layouts/default.ctp, line 72]
2010-02-07 22:21:51 Notice: Notice (8): Undefined variable: col_izq in [APP/views/layouts/default.ctp, line 51]
2010-02-07 22:21:51 Notice: Notice (8): Undefined variable: col_der in [APP/views/layouts/default.ctp, line 72]
2010-02-07 22:21:51 Notice: Notice (8): Undefined variable: col_izq in [APP/views/layouts/default.ctp, line 51]
2010-02-07 22:21:51 Notice: Notice (8): Undefined variable: col_der in [APP/views/layouts/default.ctp, line 72]
2010-02-07 22:33:30 Notice: Notice (8): Undefined variable: col_izq in [APP/views/layouts/default.ctp, line 51]
2010-02-07 22:33:30 Notice: Notice (8): Undefined variable: col_der in [APP/views/layouts/default.ctp, line 72]
2010-02-07 22:33:30 Notice: Notice (8): Undefined variable: col_izq in [APP/views/layouts/default.ctp, line 51]
2010-02-07 22:33:30 Notice: Notice (8): Undefined variable: col_der in [APP/views/layouts/default.ctp, line 72]
2010-02-07 22:33:30 Notice: Notice (8): Undefined variable: col_izq in [APP/views/layouts/default.ctp, line 51]
2010-02-07 22:33:30 Notice: Notice (8): Undefined variable: col_der in [APP/views/layouts/default.ctp, line 72]
2010-02-07 22:33:30 Notice: Notice (8): Undefined variable: col_izq in [APP/views/layouts/default.ctp, line 51]
2010-02-07 22:33:30 Notice: Notice (8): Undefined variable: col_der in [APP/views/layouts/default.ctp, line 72]
2010-02-07 22:33:30 Notice: Notice (8): Undefined variable: col_izq in [APP/views/layouts/default.ctp, line 51]
2010-02-07 22:33:30 Notice: Notice (8): Undefined variable: col_der in [APP/views/layouts/default.ctp, line 72]
2010-02-07 22:33:30 Notice: Notice (8): Undefined variable: col_izq in [APP/views/layouts/default.ctp, line 51]
2010-02-07 22:33:30 Notice: Notice (8): Undefined variable: col_der in [APP/views/layouts/default.ctp, line 72]
2010-02-07 22:33:30 Notice: Notice (8): Undefined variable: col_izq in [APP/views/layouts/default.ctp, line 51]
2010-02-07 22:33:30 Notice: Notice (8): Undefined variable: col_der in [APP/views/layouts/default.ctp, line 72]
2010-02-07 22:33:30 Notice: Notice (8): Undefined variable: col_izq in [APP/views/layouts/default.ctp, line 51]
2010-02-07 22:33:30 Notice: Notice (8): Undefined variable: col_der in [APP/views/layouts/default.ctp, line 72]
2010-02-07 22:33:30 Notice: Notice (8): Undefined variable: col_izq in [APP/views/layouts/default.ctp, line 51]
2010-02-07 22:33:30 Notice: Notice (8): Undefined variable: col_der in [APP/views/layouts/default.ctp, line 72]
2010-02-07 22:38:05 Notice: Notice (8): Undefined variable: col_izq in [APP/views/layouts/default.ctp, line 51]
2010-02-07 22:38:05 Notice: Notice (8): Undefined variable: col_der in [APP/views/layouts/default.ctp, line 72]
2010-02-07 22:38:06 Notice: Notice (8): Undefined variable: col_izq in [APP/views/layouts/default.ctp, line 51]
2010-02-07 22:38:06 Notice: Notice (8): Undefined variable: col_der in [APP/views/layouts/default.ctp, line 72]
2010-02-07 22:38:06 Notice: Notice (8): Undefined variable: col_izq in [APP/views/layouts/default.ctp, line 51]
2010-02-07 22:38:06 Notice: Notice (8): Undefined variable: col_der in [APP/views/layouts/default.ctp, line 72]
2010-02-07 22:38:06 Notice: Notice (8): Undefined variable: col_izq in [APP/views/layouts/default.ctp, line 51]
2010-02-07 22:38:06 Notice: Notice (8): Undefined variable: col_der in [APP/views/layouts/default.ctp, line 72]
2010-02-07 22:38:06 Notice: Notice (8): Undefined variable: col_izq in [APP/views/layouts/default.ctp, line 51]
2010-02-07 22:38:06 Notice: Notice (8): Undefined variable: col_der in [APP/views/layouts/default.ctp, line 72]
2010-02-07 22:38:06 Notice: Notice (8): Undefined variable: col_izq in [APP/views/layouts/default.ctp, line 51]
2010-02-07 22:38:06 Notice: Notice (8): Undefined variable: col_der in [APP/views/layouts/default.ctp, line 72]
2010-02-07 22:38:06 Notice: Notice (8): Undefined variable: col_izq in [APP/views/layouts/default.ctp, line 51]
2010-02-07 22:38:06 Notice: Notice (8): Undefined variable: col_der in [APP/views/layouts/default.ctp, line 72]
2010-02-07 22:38:06 Notice: Notice (8): Undefined variable: col_izq in [APP/views/layouts/default.ctp, line 51]
2010-02-07 22:38:06 Notice: Notice (8): Undefined variable: col_der in [APP/views/layouts/default.ctp, line 72]
2010-02-07 22:38:06 Notice: Notice (8): Undefined variable: col_izq in [APP/views/layouts/default.ctp, line 51]
2010-02-07 22:38:06 Notice: Notice (8): Undefined variable: col_der in [APP/views/layouts/default.ctp, line 72]
2010-02-07 22:53:38 Notice: Notice (8): Undefined variable: col_izq in [APP/views/layouts/default.ctp, line 51]
2010-02-07 22:53:38 Notice: Notice (8): Undefined variable: col_der in [APP/views/layouts/default.ctp, line 72]
2010-02-07 22:53:39 Notice: Notice (8): Undefined variable: col_izq in [APP/views/layouts/default.ctp, line 51]
2010-02-07 22:53:39 Notice: Notice (8): Undefined variable: col_der in [APP/views/layouts/default.ctp, line 72]
2010-02-07 22:53:39 Notice: Notice (8): Undefined variable: col_izq in [APP/views/layouts/default.ctp, line 51]
2010-02-07 22:53:39 Notice: Notice (8): Undefined variable: col_izq in [APP/views/layouts/default.ctp, line 51]
2010-02-07 22:53:39 Notice: Notice (8): Undefined variable: col_der in [APP/views/layouts/default.ctp, line 72]
2010-02-07 22:53:39 Notice: Notice (8): Undefined variable: col_izq in [APP/views/layouts/default.ctp, line 51]
2010-02-07 22:53:39 Notice: Notice (8): Undefined variable: col_der in [APP/views/layouts/default.ctp, line 72]
2010-02-07 22:53:39 Notice: Notice (8): Undefined variable: col_der in [APP/views/layouts/default.ctp, line 72]
2010-02-07 22:53:39 Notice: Notice (8): Undefined variable: col_izq in [APP/views/layouts/default.ctp, line 51]
2010-02-07 22:53:39 Notice: Notice (8): Undefined variable: col_der in [APP/views/layouts/default.ctp, line 72]
2010-02-07 22:53:39 Notice: Notice (8): Undefined variable: col_izq in [APP/views/layouts/default.ctp, line 51]
2010-02-07 22:53:39 Notice: Notice (8): Undefined variable: col_der in [APP/views/layouts/default.ctp, line 72]
2010-02-07 22:53:39 Notice: Notice (8): Undefined variable: col_izq in [APP/views/layouts/default.ctp, line 51]
2010-02-07 22:53:39 Notice: Notice (8): Undefined variable: col_der in [APP/views/layouts/default.ctp, line 72]
2010-02-07 22:53:39 Notice: Notice (8): Undefined variable: col_izq in [APP/views/layouts/default.ctp, line 51]
2010-02-07 22:53:39 Notice: Notice (8): Undefined variable: col_der in [APP/views/layouts/default.ctp, line 72]
2010-02-07 22:56:22 Notice: Notice (8): Undefined variable: col_izq in [APP/views/layouts/default.ctp, line 51]
2010-02-07 22:56:22 Notice: Notice (8): Undefined variable: col_der in [APP/views/layouts/default.ctp, line 72]
2010-02-07 22:56:22 Notice: Notice (8): Undefined variable: col_izq in [APP/views/layouts/default.ctp, line 51]
2010-02-07 22:56:22 Notice: Notice (8): Undefined variable: col_der in [APP/views/layouts/default.ctp, line 72]
2010-02-07 22:56:22 Notice: Notice (8): Undefined variable: col_izq in [APP/views/layouts/default.ctp, line 51]
2010-02-07 22:56:22 Notice: Notice (8): Undefined variable: col_der in [APP/views/layouts/default.ctp, line 72]
2010-02-07 22:56:22 Notice: Notice (8): Undefined variable: col_izq in [APP/views/layouts/default.ctp, line 51]
2010-02-07 22:56:22 Notice: Notice (8): Undefined variable: col_der in [APP/views/layouts/default.ctp, line 72]
2010-02-07 22:56:22 Notice: Notice (8): Undefined variable: col_izq in [APP/views/layouts/default.ctp, line 51]
2010-02-07 22:56:22 Notice: Notice (8): Undefined variable: col_der in [APP/views/layouts/default.ctp, line 72]
2010-02-07 22:56:22 Notice: Notice (8): Undefined variable: col_izq in [APP/views/layouts/default.ctp, line 51]
2010-02-07 22:56:22 Notice: Notice (8): Undefined variable: col_der in [APP/views/layouts/default.ctp, line 72]
2010-02-07 22:56:22 Notice: Notice (8): Undefined variable: col_izq in [APP/views/layouts/default.ctp, line 51]
2010-02-07 22:56:22 Notice: Notice (8): Undefined variable: col_der in [APP/views/layouts/default.ctp, line 72]
2010-02-07 22:56:22 Notice: Notice (8): Undefined variable: col_izq in [APP/views/layouts/default.ctp, line 51]
2010-02-07 22:56:22 Notice: Notice (8): Undefined variable: col_der in [APP/views/layouts/default.ctp, line 72]
2010-02-07 22:56:22 Notice: Notice (8): Undefined variable: col_izq in [APP/views/layouts/default.ctp, line 51]
2010-02-07 22:56:22 Notice: Notice (8): Undefined variable: col_der in [APP/views/layouts/default.ctp, line 72]
2010-02-07 22:58:04 Notice: Notice (8): Undefined variable: col_izq in [APP/views/layouts/default.ctp, line 51]
2010-02-07 22:58:04 Notice: Notice (8): Undefined variable: col_der in [APP/views/layouts/default.ctp, line 72]
2010-02-07 22:58:04 Notice: Notice (8): Undefined variable: col_izq in [APP/views/layouts/default.ctp, line 51]
2010-02-07 22:58:04 Notice: Notice (8): Undefined variable: col_izq in [APP/views/layouts/default.ctp, line 51]
2010-02-07 22:58:04 Notice: Notice (8): Undefined variable: col_der in [APP/views/layouts/default.ctp, line 72]
2010-02-07 22:58:04 Notice: Notice (8): Undefined variable: col_der in [APP/views/layouts/default.ctp, line 72]
2010-02-07 22:58:04 Notice: Notice (8): Undefined variable: col_izq in [APP/views/layouts/default.ctp, line 51]
2010-02-07 22:58:04 Notice: Notice (8): Undefined variable: col_der in [APP/views/layouts/default.ctp, line 72]
2010-02-07 22:58:04 Notice: Notice (8): Undefined variable: col_izq in [APP/views/layouts/default.ctp, line 51]
2010-02-07 22:58:04 Notice: Notice (8): Undefined variable: col_der in [APP/views/layouts/default.ctp, line 72]
2010-02-07 22:58:04 Notice: Notice (8): Undefined variable: col_izq in [APP/views/layouts/default.ctp, line 51]
2010-02-07 22:58:04 Notice: Notice (8): Undefined variable: col_der in [APP/views/layouts/default.ctp, line 72]
2010-02-07 22:58:04 Notice: Notice (8): Undefined variable: col_izq in [APP/views/layouts/default.ctp, line 51]
2010-02-07 22:58:04 Notice: Notice (8): Undefined variable: col_der in [APP/views/layouts/default.ctp, line 72]
2010-02-07 22:58:04 Notice: Notice (8): Undefined variable: col_izq in [APP/views/layouts/default.ctp, line 51]
2010-02-07 22:58:04 Notice: Notice (8): Undefined variable: col_der in [APP/views/layouts/default.ctp, line 72]
2010-02-07 22:58:59 Notice: Notice (8): Undefined variable: col_izq in [APP/views/layouts/default.ctp, line 51]
2010-02-07 22:58:59 Notice: Notice (8): Undefined variable: col_der in [APP/views/layouts/default.ctp, line 72]
2010-02-07 22:59:00 Notice: Notice (8): Undefined variable: col_izq in [APP/views/layouts/default.ctp, line 51]
2010-02-07 22:59:00 Notice: Notice (8): Undefined variable: col_izq in [APP/views/layouts/default.ctp, line 51]
2010-02-07 22:59:00 Notice: Notice (8): Undefined variable: col_der in [APP/views/layouts/default.ctp, line 72]
2010-02-07 22:59:00 Notice: Notice (8): Undefined variable: col_der in [APP/views/layouts/default.ctp, line 72]
2010-02-07 22:59:00 Notice: Notice (8): Undefined variable: col_izq in [APP/views/layouts/default.ctp, line 51]
2010-02-07 22:59:00 Notice: Notice (8): Undefined variable: col_der in [APP/views/layouts/default.ctp, line 72]
2010-02-07 22:59:00 Notice: Notice (8): Undefined variable: col_izq in [APP/views/layouts/default.ctp, line 51]
2010-02-07 22:59:00 Notice: Notice (8): Undefined variable: col_der in [APP/views/layouts/default.ctp, line 72]
2010-02-07 22:59:00 Notice: Notice (8): Undefined variable: col_izq in [APP/views/layouts/default.ctp, line 51]
2010-02-07 22:59:00 Notice: Notice (8): Undefined variable: col_der in [APP/views/layouts/default.ctp, line 72]
2010-02-07 22:59:00 Notice: Notice (8): Undefined variable: col_izq in [APP/views/layouts/default.ctp, line 51]
2010-02-07 22:59:00 Notice: Notice (8): Undefined variable: col_der in [APP/views/layouts/default.ctp, line 72]
2010-02-07 22:59:00 Notice: Notice (8): Undefined variable: col_izq in [APP/views/layouts/default.ctp, line 51]
2010-02-07 22:59:00 Notice: Notice (8): Undefined variable: col_der in [APP/views/layouts/default.ctp, line 72]
2010-02-07 22:59:00 Notice: Notice (8): Undefined variable: col_izq in [APP/views/layouts/default.ctp, line 51]
2010-02-07 22:59:00 Notice: Notice (8): Undefined variable: col_der in [APP/views/layouts/default.ctp, line 72]
2010-02-07 22:59:20 Notice: Notice (8): Undefined variable: col_izq in [APP/views/layouts/default.ctp, line 51]
2010-02-07 22:59:20 Notice: Notice (8): Undefined variable: col_der in [APP/views/layouts/default.ctp, line 72]
2010-02-07 22:59:22 Notice: Notice (8): Undefined variable: col_izq in [APP/views/layouts/default.ctp, line 51]
2010-02-07 22:59:22 Notice: Notice (8): Undefined variable: col_der in [APP/views/layouts/default.ctp, line 72]
2010-02-07 22:59:22 Notice: Notice (8): Undefined variable: col_izq in [APP/views/layouts/default.ctp, line 51]
2010-02-07 22:59:22 Notice: Notice (8): Undefined variable: col_der in [APP/views/layouts/default.ctp, line 72]
2010-02-07 22:59:23 Notice: Notice (8): Undefined variable: col_izq in [APP/views/layouts/default.ctp, line 51]
2010-02-07 22:59:23 Notice: Notice (8): Undefined variable: col_der in [APP/views/layouts/default.ctp, line 72]
2010-02-07 22:59:23 Notice: Notice (8): Undefined variable: col_izq in [APP/views/layouts/default.ctp, line 51]
2010-02-07 22:59:23 Notice: Notice (8): Undefined variable: col_izq in [APP/views/layouts/default.ctp, line 51]
2010-02-07 22:59:23 Notice: Notice (8): Undefined variable: col_der in [APP/views/layouts/default.ctp, line 72]
2010-02-07 22:59:23 Notice: Notice (8): Undefined variable: col_izq in [APP/views/layouts/default.ctp, line 51]
2010-02-07 22:59:23 Notice: Notice (8): Undefined variable: col_der in [APP/views/layouts/default.ctp, line 72]
2010-02-07 22:59:23 Notice: Notice (8): Undefined variable: col_der in [APP/views/layouts/default.ctp, line 72]
2010-02-07 22:59:23 Notice: Notice (8): Undefined variable: col_izq in [APP/views/layouts/default.ctp, line 51]
2010-02-07 22:59:23 Notice: Notice (8): Undefined variable: col_izq in [APP/views/layouts/default.ctp, line 51]
2010-02-07 22:59:23 Notice: Notice (8): Undefined variable: col_der in [APP/views/layouts/default.ctp, line 72]
2010-02-07 22:59:23 Notice: Notice (8): Undefined variable: col_der in [APP/views/layouts/default.ctp, line 72]
2010-02-07 23:00:03 Notice: Notice (8): Undefined variable: col_izq in [APP/views/layouts/default.ctp, line 51]
2010-02-07 23:00:03 Notice: Notice (8): Undefined variable: col_der in [APP/views/layouts/default.ctp, line 72]
2010-02-07 23:00:03 Notice: Notice (8): Undefined variable: col_izq in [APP/views/layouts/default.ctp, line 51]
2010-02-07 23:00:03 Notice: Notice (8): Undefined variable: col_der in [APP/views/layouts/default.ctp, line 72]
2010-02-07 23:00:03 Notice: Notice (8): Undefined variable: col_izq in [APP/views/layouts/default.ctp, line 51]
2010-02-07 23:00:03 Notice: Notice (8): Undefined variable: col_der in [APP/views/layouts/default.ctp, line 72]
2010-02-07 23:00:03 Notice: Notice (8): Undefined variable: col_izq in [APP/views/layouts/default.ctp, line 51]
2010-02-07 23:00:03 Notice: Notice (8): Undefined variable: col_izq in [APP/views/layouts/default.ctp, line 51]
2010-02-07 23:00:03 Notice: Notice (8): Undefined variable: col_der in [APP/views/layouts/default.ctp, line 72]
2010-02-07 23:00:03 Notice: Notice (8): Undefined variable: col_izq in [APP/views/layouts/default.ctp, line 51]
2010-02-07 23:00:03 Notice: Notice (8): Undefined variable: col_der in [APP/views/layouts/default.ctp, line 72]
2010-02-07 23:00:03 Notice: Notice (8): Undefined variable: col_der in [APP/views/layouts/default.ctp, line 72]
2010-02-07 23:00:04 Notice: Notice (8): Undefined variable: col_izq in [APP/views/layouts/default.ctp, line 51]
2010-02-07 23:00:04 Notice: Notice (8): Undefined variable: col_der in [APP/views/layouts/default.ctp, line 72]
2010-02-07 23:00:04 Notice: Notice (8): Undefined variable: col_izq in [APP/views/layouts/default.ctp, line 51]
2010-02-07 23:00:04 Notice: Notice (8): Undefined variable: col_izq in [APP/views/layouts/default.ctp, line 51]
2010-02-07 23:00:04 Notice: Notice (8): Undefined variable: col_der in [APP/views/layouts/default.ctp, line 72]
2010-02-07 23:00:04 Notice: Notice (8): Undefined variable: col_der in [APP/views/layouts/default.ctp, line 72]
2010-02-07 23:00:12 Notice: Notice (8): Undefined variable: col_izq in [APP/views/layouts/default.ctp, line 51]
2010-02-07 23:00:12 Notice: Notice (8): Undefined variable: col_der in [APP/views/layouts/default.ctp, line 72]
2010-02-07 23:00:13 Notice: Notice (8): Undefined variable: col_izq in [APP/views/layouts/default.ctp, line 51]
2010-02-07 23:00:13 Notice: Notice (8): Undefined variable: col_der in [APP/views/layouts/default.ctp, line 72]
2010-02-07 23:00:13 Notice: Notice (8): Undefined variable: col_izq in [APP/views/layouts/default.ctp, line 51]
2010-02-07 23:00:13 Notice: Notice (8): Undefined variable: col_der in [APP/views/layouts/default.ctp, line 72]
2010-02-07 23:00:13 Notice: Notice (8): Undefined variable: col_izq in [APP/views/layouts/default.ctp, line 51]
2010-02-07 23:00:13 Notice: Notice (8): Undefined variable: col_der in [APP/views/layouts/default.ctp, line 72]
2010-02-07 23:00:13 Notice: Notice (8): Undefined variable: col_izq in [APP/views/layouts/default.ctp, line 51]
2010-02-07 23:00:13 Notice: Notice (8): Undefined variable: col_der in [APP/views/layouts/default.ctp, line 72]
2010-02-07 23:00:13 Notice: Notice (8): Undefined variable: col_izq in [APP/views/layouts/default.ctp, line 51]
2010-02-07 23:00:13 Notice: Notice (8): Undefined variable: col_der in [APP/views/layouts/default.ctp, line 72]
2010-02-07 23:00:13 Notice: Notice (8): Undefined variable: col_izq in [APP/views/layouts/default.ctp, line 51]
2010-02-07 23:00:13 Notice: Notice (8): Undefined variable: col_der in [APP/views/layouts/default.ctp, line 72]
2010-02-07 23:00:13 Notice: Notice (8): Undefined variable: col_izq in [APP/views/layouts/default.ctp, line 51]
2010-02-07 23:00:13 Notice: Notice (8): Undefined variable: col_der in [APP/views/layouts/default.ctp, line 72]
2010-02-07 23:00:13 Notice: Notice (8): Undefined variable: col_izq in [APP/views/layouts/default.ctp, line 51]
2010-02-07 23:00:13 Notice: Notice (8): Undefined variable: col_der in [APP/views/layouts/default.ctp, line 72]
2010-02-07 23:01:08 Notice: Notice (8): Undefined variable: col_izq in [APP/views/layouts/default.ctp, line 51]
2010-02-07 23:01:08 Notice: Notice (8): Undefined variable: col_der in [APP/views/layouts/default.ctp, line 72]
2010-02-07 23:01:08 Notice: Notice (8): Undefined variable: col_izq in [APP/views/layouts/default.ctp, line 51]
2010-02-07 23:01:08 Notice: Notice (8): Undefined variable: col_der in [APP/views/layouts/default.ctp, line 72]
2010-02-07 23:01:08 Notice: Notice (8): Undefined variable: col_izq in [APP/views/layouts/default.ctp, line 51]
2010-02-07 23:01:08 Notice: Notice (8): Undefined variable: col_izq in [APP/views/layouts/default.ctp, line 51]
2010-02-07 23:01:08 Notice: Notice (8): Undefined variable: col_der in [APP/views/layouts/default.ctp, line 72]
2010-02-07 23:01:08 Notice: Notice (8): Undefined variable: col_der in [APP/views/layouts/default.ctp, line 72]
2010-02-07 23:01:08 Notice: Notice (8): Undefined variable: col_izq in [APP/views/layouts/default.ctp, line 51]
2010-02-07 23:01:08 Notice: Notice (8): Undefined variable: col_izq in [APP/views/layouts/default.ctp, line 51]
2010-02-07 23:01:08 Notice: Notice (8): Undefined variable: col_der in [APP/views/layouts/default.ctp, line 72]
2010-02-07 23:01:08 Notice: Notice (8): Undefined variable: col_der in [APP/views/layouts/default.ctp, line 72]
2010-02-07 23:01:08 Notice: Notice (8): Undefined variable: col_izq in [APP/views/layouts/default.ctp, line 51]
2010-02-07 23:01:08 Notice: Notice (8): Undefined variable: col_der in [APP/views/layouts/default.ctp, line 72]
2010-02-07 23:01:08 Notice: Notice (8): Undefined variable: col_izq in [APP/views/layouts/default.ctp, line 51]
2010-02-07 23:01:08 Notice: Notice (8): Undefined variable: col_der in [APP/views/layouts/default.ctp, line 72]
2010-02-07 23:01:08 Notice: Notice (8): Undefined variable: col_izq in [APP/views/layouts/default.ctp, line 51]
2010-02-07 23:01:08 Notice: Notice (8): Undefined variable: col_der in [APP/views/layouts/default.ctp, line 72]
2010-02-07 23:02:29 Notice: Notice (8): Undefined variable: col_izq in [APP/views/layouts/default.ctp, line 51]
2010-02-07 23:02:29 Notice: Notice (8): Undefined variable: col_der in [APP/views/layouts/default.ctp, line 72]
2010-02-07 23:02:29 Notice: Notice (8): Undefined variable: col_izq in [APP/views/layouts/default.ctp, line 51]
2010-02-07 23:02:29 Notice: Notice (8): Undefined variable: col_der in [APP/views/layouts/default.ctp, line 72]
2010-02-07 23:02:29 Notice: Notice (8): Undefined variable: col_izq in [APP/views/layouts/default.ctp, line 51]
2010-02-07 23:02:29 Notice: Notice (8): Undefined variable: col_der in [APP/views/layouts/default.ctp, line 72]
2010-02-07 23:02:29 Notice: Notice (8): Undefined variable: col_izq in [APP/views/layouts/default.ctp, line 51]
2010-02-07 23:02:29 Notice: Notice (8): Undefined variable: col_der in [APP/views/layouts/default.ctp, line 72]
2010-02-07 23:02:29 Notice: Notice (8): Undefined variable: col_izq in [APP/views/layouts/default.ctp, line 51]
2010-02-07 23:02:29 Notice: Notice (8): Undefined variable: col_der in [APP/views/layouts/default.ctp, line 72]
2010-02-07 23:02:29 Notice: Notice (8): Undefined variable: col_izq in [APP/views/layouts/default.ctp, line 51]
2010-02-07 23:02:29 Notice: Notice (8): Undefined variable: col_der in [APP/views/layouts/default.ctp, line 72]
2010-02-07 23:02:29 Notice: Notice (8): Undefined variable: col_izq in [APP/views/layouts/default.ctp, line 51]
2010-02-07 23:02:29 Notice: Notice (8): Undefined variable: col_der in [APP/views/layouts/default.ctp, line 72]
2010-02-07 23:02:29 Notice: Notice (8): Undefined variable: col_izq in [APP/views/layouts/default.ctp, line 51]
2010-02-07 23:02:29 Notice: Notice (8): Undefined variable: col_der in [APP/views/layouts/default.ctp, line 72]
2010-02-07 23:02:29 Notice: Notice (8): Undefined variable: col_izq in [APP/views/layouts/default.ctp, line 51]
2010-02-07 23:02:29 Notice: Notice (8): Undefined variable: col_der in [APP/views/layouts/default.ctp, line 72]
2010-02-07 23:02:31 Notice: Notice (8): Undefined variable: col_izq in [APP/views/layouts/default.ctp, line 51]
2010-02-07 23:02:31 Notice: Notice (8): Undefined variable: col_der in [APP/views/layouts/default.ctp, line 72]
2010-02-07 23:02:31 Notice: Notice (8): Undefined variable: col_izq in [APP/views/layouts/default.ctp, line 51]
2010-02-07 23:02:31 Notice: Notice (8): Undefined variable: col_der in [APP/views/layouts/default.ctp, line 72]
2010-02-07 23:02:31 Notice: Notice (8): Undefined variable: col_izq in [APP/views/layouts/default.ctp, line 51]
2010-02-07 23:02:31 Notice: Notice (8): Undefined variable: col_izq in [APP/views/layouts/default.ctp, line 51]
2010-02-07 23:02:31 Notice: Notice (8): Undefined variable: col_der in [APP/views/layouts/default.ctp, line 72]
2010-02-07 23:02:31 Notice: Notice (8): Undefined variable: col_der in [APP/views/layouts/default.ctp, line 72]
2010-02-07 23:02:31 Notice: Notice (8): Undefined variable: col_izq in [APP/views/layouts/default.ctp, line 51]
2010-02-07 23:02:31 Notice: Notice (8): Undefined variable: col_der in [APP/views/layouts/default.ctp, line 72]
2010-02-07 23:02:31 Notice: Notice (8): Undefined variable: col_izq in [APP/views/layouts/default.ctp, line 51]
2010-02-07 23:02:31 Notice: Notice (8): Undefined variable: col_der in [APP/views/layouts/default.ctp, line 72]
2010-02-07 23:02:31 Notice: Notice (8): Undefined variable: col_izq in [APP/views/layouts/default.ctp, line 51]
2010-02-07 23:02:31 Notice: Notice (8): Undefined variable: col_der in [APP/views/layouts/default.ctp, line 72]
2010-02-07 23:02:32 Notice: Notice (8): Undefined variable: col_izq in [APP/views/layouts/default.ctp, line 51]
2010-02-07 23:02:32 Notice: Notice (8): Undefined variable: col_der in [APP/views/layouts/default.ctp, line 72]
2010-02-07 23:02:32 Notice: Notice (8): Undefined variable: col_izq in [APP/views/layouts/default.ctp, line 51]
2010-02-07 23:02:32 Notice: Notice (8): Undefined variable: col_der in [APP/views/layouts/default.ctp, line 72]
2010-02-07 23:03:02 Notice: Notice (8): Undefined variable: col_izq in [APP/views/layouts/default.ctp, line 51]
2010-02-07 23:03:02 Notice: Notice (8): Undefined variable: col_der in [APP/views/layouts/default.ctp, line 72]
2010-02-07 23:03:02 Notice: Notice (8): Undefined variable: col_izq in [APP/views/layouts/default.ctp, line 51]
2010-02-07 23:03:02 Notice: Notice (8): Undefined variable: col_izq in [APP/views/layouts/default.ctp, line 51]
2010-02-07 23:03:02 Notice: Notice (8): Undefined variable: col_der in [APP/views/layouts/default.ctp, line 72]
2010-02-07 23:03:02 Notice: Notice (8): Undefined variable: col_der in [APP/views/layouts/default.ctp, line 72]
2010-02-07 23:03:02 Notice: Notice (8): Undefined variable: col_izq in [APP/views/layouts/default.ctp, line 51]
2010-02-07 23:03:02 Notice: Notice (8): Undefined variable: col_izq in [APP/views/layouts/default.ctp, line 51]
2010-02-07 23:03:02 Notice: Notice (8): Undefined variable: col_der in [APP/views/layouts/default.ctp, line 72]
2010-02-07 23:03:02 Notice: Notice (8): Undefined variable: col_der in [APP/views/layouts/default.ctp, line 72]
2010-02-07 23:03:02 Notice: Notice (8): Undefined variable: col_izq in [APP/views/layouts/default.ctp, line 51]
2010-02-07 23:03:02 Notice: Notice (8): Undefined variable: col_der in [APP/views/layouts/default.ctp, line 72]
2010-02-07 23:03:02 Notice: Notice (8): Undefined variable: col_izq in [APP/views/layouts/default.ctp, line 51]
2010-02-07 23:03:02 Notice: Notice (8): Undefined variable: col_der in [APP/views/layouts/default.ctp, line 72]
2010-02-07 23:03:03 Notice: Notice (8): Undefined variable: col_izq in [APP/views/layouts/default.ctp, line 51]
2010-02-07 23:03:03 Notice: Notice (8): Undefined variable: col_der in [APP/views/layouts/default.ctp, line 72]
2010-02-07 23:03:03 Notice: Notice (8): Undefined variable: col_izq in [APP/views/layouts/default.ctp, line 51]
2010-02-07 23:03:03 Notice: Notice (8): Undefined variable: col_der in [APP/views/layouts/default.ctp, line 72]
2010-02-07 23:04:22 Notice: Notice (8): Undefined variable: col_izq in [APP/views/layouts/default.ctp, line 51]
2010-02-07 23:04:22 Notice: Notice (8): Undefined variable: col_der in [APP/views/layouts/default.ctp, line 72]
2010-02-07 23:04:22 Notice: Notice (8): Undefined variable: col_izq in [APP/views/layouts/default.ctp, line 51]
2010-02-07 23:04:22 Notice: Notice (8): Undefined variable: col_der in [APP/views/layouts/default.ctp, line 72]
2010-02-07 23:04:22 Notice: Notice (8): Undefined variable: col_izq in [APP/views/layouts/default.ctp, line 51]
2010-02-07 23:04:22 Notice: Notice (8): Undefined variable: col_der in [APP/views/layouts/default.ctp, line 72]
2010-02-07 23:04:22 Notice: Notice (8): Undefined variable: col_izq in [APP/views/layouts/default.ctp, line 51]
2010-02-07 23:04:22 Notice: Notice (8): Undefined variable: col_izq in [APP/views/layouts/default.ctp, line 51]
2010-02-07 23:04:22 Notice: Notice (8): Undefined variable: col_izq in [APP/views/layouts/default.ctp, line 51]
2010-02-07 23:04:22 Notice: Notice (8): Undefined variable: col_der in [APP/views/layouts/default.ctp, line 72]
2010-02-07 23:04:22 Notice: Notice (8): Undefined variable: col_izq in [APP/views/layouts/default.ctp, line 51]
2010-02-07 23:04:22 Notice: Notice (8): Undefined variable: col_der in [APP/views/layouts/default.ctp, line 72]
2010-02-07 23:04:23 Notice: Notice (8): Undefined variable: col_der in [APP/views/layouts/default.ctp, line 72]
2010-02-07 23:04:23 Notice: Notice (8): Undefined variable: col_der in [APP/views/layouts/default.ctp, line 72]
2010-02-07 23:04:23 Notice: Notice (8): Undefined variable: col_izq in [APP/views/layouts/default.ctp, line 51]
2010-02-07 23:04:23 Notice: Notice (8): Undefined variable: col_der in [APP/views/layouts/default.ctp, line 72]
2010-02-07 23:04:23 Notice: Notice (8): Undefined variable: col_izq in [APP/views/layouts/default.ctp, line 51]
2010-02-07 23:04:23 Notice: Notice (8): Undefined variable: col_der in [APP/views/layouts/default.ctp, line 72]
2010-02-07 23:05:14 Notice: Notice (8): Undefined variable: col_izq in [APP/views/layouts/default.ctp, line 51]
2010-02-07 23:05:14 Notice: Notice (8): Undefined variable: col_der in [APP/views/layouts/default.ctp, line 72]
2010-02-07 23:05:14 Notice: Notice (8): Undefined variable: col_izq in [APP/views/layouts/default.ctp, line 51]
2010-02-07 23:05:14 Notice: Notice (8): Undefined variable: col_der in [APP/views/layouts/default.ctp, line 72]
2010-02-07 23:05:14 Notice: Notice (8): Undefined variable: col_izq in [APP/views/layouts/default.ctp, line 51]
2010-02-07 23:05:14 Notice: Notice (8): Undefined variable: col_der in [APP/views/layouts/default.ctp, line 72]
2010-02-07 23:05:14 Notice: Notice (8): Undefined variable: col_izq in [APP/views/layouts/default.ctp, line 51]
2010-02-07 23:05:14 Notice: Notice (8): Undefined variable: col_izq in [APP/views/layouts/default.ctp, line 51]
2010-02-07 23:05:14 Notice: Notice (8): Undefined variable: col_der in [APP/views/layouts/default.ctp, line 72]
2010-02-07 23:05:14 Notice: Notice (8): Undefined variable: col_izq in [APP/views/layouts/default.ctp, line 51]
2010-02-07 23:05:14 Notice: Notice (8): Undefined variable: col_der in [APP/views/layouts/default.ctp, line 72]
2010-02-07 23:05:14 Notice: Notice (8): Undefined variable: col_izq in [APP/views/layouts/default.ctp, line 51]
2010-02-07 23:05:14 Notice: Notice (8): Undefined variable: col_der in [APP/views/layouts/default.ctp, line 72]
2010-02-07 23:05:14 Notice: Notice (8): Undefined variable: col_der in [APP/views/layouts/default.ctp, line 72]
2010-02-07 23:05:14 Notice: Notice (8): Undefined variable: col_izq in [APP/views/layouts/default.ctp, line 51]
2010-02-07 23:05:14 Notice: Notice (8): Undefined variable: col_der in [APP/views/layouts/default.ctp, line 72]
2010-02-07 23:05:14 Notice: Notice (8): Undefined variable: col_izq in [APP/views/layouts/default.ctp, line 51]
2010-02-07 23:05:14 Notice: Notice (8): Undefined variable: col_der in [APP/views/layouts/default.ctp, line 72]
2010-02-07 23:06:30 Notice: Notice (8): Undefined variable: col_izq in [APP/views/layouts/default.ctp, line 51]
2010-02-07 23:06:30 Notice: Notice (8): Undefined variable: col_der in [APP/views/layouts/default.ctp, line 72]
2010-02-07 23:06:31 Notice: Notice (8): Undefined variable: col_izq in [APP/views/layouts/default.ctp, line 51]
2010-02-07 23:06:31 Notice: Notice (8): Undefined variable: col_der in [APP/views/layouts/default.ctp, line 72]
2010-02-07 23:06:31 Notice: Notice (8): Undefined variable: col_izq in [APP/views/layouts/default.ctp, line 51]
2010-02-07 23:06:31 Notice: Notice (8): Undefined variable: col_der in [APP/views/layouts/default.ctp, line 72]
2010-02-07 23:06:31 Notice: Notice (8): Undefined variable: col_izq in [APP/views/layouts/default.ctp, line 51]
2010-02-07 23:06:31 Notice: Notice (8): Undefined variable: col_der in [APP/views/layouts/default.ctp, line 72]
2010-02-07 23:06:31 Notice: Notice (8): Undefined variable: col_izq in [APP/views/layouts/default.ctp, line 51]
2010-02-07 23:06:31 Notice: Notice (8): Undefined variable: col_der in [APP/views/layouts/default.ctp, line 72]
2010-02-07 23:06:31 Notice: Notice (8): Undefined variable: col_izq in [APP/views/layouts/default.ctp, line 51]
2010-02-07 23:06:31 Notice: Notice (8): Undefined variable: col_der in [APP/views/layouts/default.ctp, line 72]
2010-02-07 23:06:31 Notice: Notice (8): Undefined variable: col_izq in [APP/views/layouts/default.ctp, line 51]
2010-02-07 23:06:31 Notice: Notice (8): Undefined variable: col_der in [APP/views/layouts/default.ctp, line 72]
2010-02-07 23:06:31 Notice: Notice (8): Undefined variable: col_izq in [APP/views/layouts/default.ctp, line 51]
2010-02-07 23:06:31 Notice: Notice (8): Undefined variable: col_der in [APP/views/layouts/default.ctp, line 72]
2010-02-07 23:06:31 Notice: Notice (8): Undefined variable: col_izq in [APP/views/layouts/default.ctp, line 51]
2010-02-07 23:06:31 Notice: Notice (8): Undefined variable: col_der in [APP/views/layouts/default.ctp, line 72]
2010-02-07 23:06:34 Notice: Notice (8): Undefined variable: col_izq in [APP/views/layouts/default.ctp, line 51]
2010-02-07 23:06:34 Notice: Notice (8): Undefined variable: col_der in [APP/views/layouts/default.ctp, line 72]
2010-02-07 23:06:34 Notice: Notice (8): Undefined variable: col_izq in [APP/views/layouts/default.ctp, line 51]
2010-02-07 23:06:34 Notice: Notice (8): Undefined variable: col_der in [APP/views/layouts/default.ctp, line 72]
2010-02-07 23:06:34 Notice: Notice (8): Undefined variable: col_izq in [APP/views/layouts/default.ctp, line 51]
2010-02-07 23:06:34 Notice: Notice (8): Undefined variable: col_der in [APP/views/layouts/default.ctp, line 72]
2010-02-07 23:06:34 Notice: Notice (8): Undefined variable: col_izq in [APP/views/layouts/default.ctp, line 51]
2010-02-07 23:06:34 Notice: Notice (8): Undefined variable: col_izq in [APP/views/layouts/default.ctp, line 51]
2010-02-07 23:06:34 Notice: Notice (8): Undefined variable: col_izq in [APP/views/layouts/default.ctp, line 51]
2010-02-07 23:06:34 Notice: Notice (8): Undefined variable: col_der in [APP/views/layouts/default.ctp, line 72]
2010-02-07 23:06:34 Notice: Notice (8): Undefined variable: col_der in [APP/views/layouts/default.ctp, line 72]
2010-02-07 23:06:34 Notice: Notice (8): Undefined variable: col_izq in [APP/views/layouts/default.ctp, line 51]
2010-02-07 23:06:34 Notice: Notice (8): Undefined variable: col_der in [APP/views/layouts/default.ctp, line 72]
2010-02-07 23:06:34 Notice: Notice (8): Undefined variable: col_der in [APP/views/layouts/default.ctp, line 72]
2010-02-07 23:06:34 Notice: Notice (8): Undefined variable: col_izq in [APP/views/layouts/default.ctp, line 51]
2010-02-07 23:06:34 Notice: Notice (8): Undefined variable: col_der in [APP/views/layouts/default.ctp, line 72]
2010-02-07 23:06:34 Notice: Notice (8): Undefined variable: col_izq in [APP/views/layouts/default.ctp, line 51]
2010-02-07 23:06:34 Notice: Notice (8): Undefined variable: col_der in [APP/views/layouts/default.ctp, line 72]
2010-02-07 23:07:06 Notice: Notice (8): Undefined variable: col_izq in [APP/views/layouts/default.ctp, line 51]
2010-02-07 23:07:06 Notice: Notice (8): Undefined variable: col_der in [APP/views/layouts/default.ctp, line 72]
2010-02-07 23:07:06 Notice: Notice (8): Undefined variable: col_izq in [APP/views/layouts/default.ctp, line 51]
2010-02-07 23:07:06 Notice: Notice (8): Undefined variable: col_der in [APP/views/layouts/default.ctp, line 72]
2010-02-07 23:07:06 Notice: Notice (8): Undefined variable: col_izq in [APP/views/layouts/default.ctp, line 51]
2010-02-07 23:07:06 Notice: Notice (8): Undefined variable: col_der in [APP/views/layouts/default.ctp, line 72]
2010-02-07 23:07:06 Notice: Notice (8): Undefined variable: col_izq in [APP/views/layouts/default.ctp, line 51]
2010-02-07 23:07:06 Notice: Notice (8): Undefined variable: col_der in [APP/views/layouts/default.ctp, line 72]
2010-02-07 23:07:06 Notice: Notice (8): Undefined variable: col_izq in [APP/views/layouts/default.ctp, line 51]
2010-02-07 23:07:06 Notice: Notice (8): Undefined variable: col_der in [APP/views/layouts/default.ctp, line 72]
2010-02-07 23:07:06 Notice: Notice (8): Undefined variable: col_izq in [APP/views/layouts/default.ctp, line 51]
2010-02-07 23:07:06 Notice: Notice (8): Undefined variable: col_der in [APP/views/layouts/default.ctp, line 72]
2010-02-07 23:07:06 Notice: Notice (8): Undefined variable: col_izq in [APP/views/layouts/default.ctp, line 51]
2010-02-07 23:07:06 Notice: Notice (8): Undefined variable: col_der in [APP/views/layouts/default.ctp, line 72]
2010-02-07 23:07:06 Notice: Notice (8): Undefined variable: col_izq in [APP/views/layouts/default.ctp, line 51]
2010-02-07 23:07:06 Notice: Notice (8): Undefined variable: col_der in [APP/views/layouts/default.ctp, line 72]
2010-02-07 23:07:06 Notice: Notice (8): Undefined variable: col_izq in [APP/views/layouts/default.ctp, line 51]
2010-02-07 23:07:06 Notice: Notice (8): Undefined variable: col_der in [APP/views/layouts/default.ctp, line 72]
2010-02-07 23:09:13 Notice: Notice (8): Undefined variable: col_izq in [APP/views/layouts/default.ctp, line 51]
2010-02-07 23:09:13 Notice: Notice (8): Undefined variable: col_der in [APP/views/layouts/default.ctp, line 72]
2010-02-07 23:09:13 Notice: Notice (8): Undefined variable: col_izq in [APP/views/layouts/default.ctp, line 51]
2010-02-07 23:09:13 Notice: Notice (8): Undefined variable: col_der in [APP/views/layouts/default.ctp, line 72]
2010-02-07 23:09:13 Notice: Notice (8): Undefined variable: col_izq in [APP/views/layouts/default.ctp, line 51]
2010-02-07 23:09:13 Notice: Notice (8): Undefined variable: col_der in [APP/views/layouts/default.ctp, line 72]
2010-02-07 23:09:13 Notice: Notice (8): Undefined variable: col_izq in [APP/views/layouts/default.ctp, line 51]
2010-02-07 23:09:13 Notice: Notice (8): Undefined variable: col_der in [APP/views/layouts/default.ctp, line 72]
2010-02-07 23:09:13 Notice: Notice (8): Undefined variable: col_izq in [APP/views/layouts/default.ctp, line 51]
2010-02-07 23:09:13 Notice: Notice (8): Undefined variable: col_der in [APP/views/layouts/default.ctp, line 72]
2010-02-07 23:09:13 Notice: Notice (8): Undefined variable: col_izq in [APP/views/layouts/default.ctp, line 51]
2010-02-07 23:09:13 Notice: Notice (8): Undefined variable: col_der in [APP/views/layouts/default.ctp, line 72]
2010-02-07 23:09:13 Notice: Notice (8): Undefined variable: col_izq in [APP/views/layouts/default.ctp, line 51]
2010-02-07 23:09:13 Notice: Notice (8): Undefined variable: col_der in [APP/views/layouts/default.ctp, line 72]
2010-02-07 23:09:13 Notice: Notice (8): Undefined variable: col_izq in [APP/views/layouts/default.ctp, line 51]
2010-02-07 23:09:13 Notice: Notice (8): Undefined variable: col_der in [APP/views/layouts/default.ctp, line 72]
2010-02-07 23:09:13 Notice: Notice (8): Undefined variable: col_izq in [APP/views/layouts/default.ctp, line 51]
2010-02-07 23:09:13 Notice: Notice (8): Undefined variable: col_der in [APP/views/layouts/default.ctp, line 72]
2010-02-07 23:11:01 Notice: Notice (8): Undefined variable: col_izq in [APP/views/layouts/default.ctp, line 51]
2010-02-07 23:11:01 Notice: Notice (8): Undefined variable: col_der in [APP/views/layouts/default.ctp, line 72]
2010-02-07 23:11:01 Notice: Notice (8): Undefined variable: col_izq in [APP/views/layouts/default.ctp, line 51]
2010-02-07 23:11:01 Notice: Notice (8): Undefined variable: col_der in [APP/views/layouts/default.ctp, line 72]
2010-02-07 23:11:01 Notice: Notice (8): Undefined variable: col_izq in [APP/views/layouts/default.ctp, line 51]
2010-02-07 23:11:01 Notice: Notice (8): Undefined variable: col_der in [APP/views/layouts/default.ctp, line 72]
2010-02-07 23:11:01 Notice: Notice (8): Undefined variable: col_izq in [APP/views/layouts/default.ctp, line 51]
2010-02-07 23:11:01 Notice: Notice (8): Undefined variable: col_der in [APP/views/layouts/default.ctp, line 72]
2010-02-07 23:11:01 Notice: Notice (8): Undefined variable: col_izq in [APP/views/layouts/default.ctp, line 51]
2010-02-07 23:11:01 Notice: Notice (8): Undefined variable: col_der in [APP/views/layouts/default.ctp, line 72]
2010-02-07 23:11:01 Notice: Notice (8): Undefined variable: col_izq in [APP/views/layouts/default.ctp, line 51]
2010-02-07 23:11:01 Notice: Notice (8): Undefined variable: col_der in [APP/views/layouts/default.ctp, line 72]
2010-02-07 23:11:01 Notice: Notice (8): Undefined variable: col_izq in [APP/views/layouts/default.ctp, line 51]
2010-02-07 23:11:01 Notice: Notice (8): Undefined variable: col_der in [APP/views/layouts/default.ctp, line 72]
2010-02-07 23:11:01 Notice: Notice (8): Undefined variable: col_izq in [APP/views/layouts/default.ctp, line 51]
2010-02-07 23:11:01 Notice: Notice (8): Undefined variable: col_der in [APP/views/layouts/default.ctp, line 72]
2010-02-07 23:11:02 Notice: Notice (8): Undefined variable: col_izq in [APP/views/layouts/default.ctp, line 51]
2010-02-07 23:11:02 Notice: Notice (8): Undefined variable: col_der in [APP/views/layouts/default.ctp, line 72]
2010-02-07 23:11:13 Notice: Notice (8): Undefined variable: col_izq in [APP/views/layouts/default.ctp, line 51]
2010-02-07 23:11:13 Notice: Notice (8): Undefined variable: col_der in [APP/views/layouts/default.ctp, line 72]
