2010-02-04 22:59:01 Warning: Warning (2): include_once(noticias/noticias_mini.php) [<a href='http://php.net/function.include-once'>function.include-once</a>]: failed to open stream: No such file or directory in [APP/views/layouts/default.ctp, line 68]
2010-02-04 22:59:01 Warning: Warning (2): include_once() [<a href='http://php.net/function.include'>function.include</a>]: Failed opening 'noticias/noticias_mini.php' for inclusion (include_path='/home/www/educadvbsas:/home/www/educadvbsas/app/:.:/usr/lib/php') in [APP/views/layouts/default.ctp, line 68]
2010-02-04 22:59:01 Warning: Warning (2): include_once(noticias/noticias_mini.php) [<a href='http://php.net/function.include-once'>function.include-once</a>]: failed to open stream: No such file or directory in [APP/views/layouts/default.ctp, line 68]
2010-02-04 22:59:01 Warning: Warning (2): include_once() [<a href='http://php.net/function.include'>function.include</a>]: Failed opening 'noticias/noticias_mini.php' for inclusion (include_path='/home/www/educadvbsas:/home/www/educadvbsas/app/:.:/usr/lib/php') in [APP/views/layouts/default.ctp, line 68]
2010-02-04 22:59:01 Warning: Warning (2): include_once(noticias/noticias_mini.php) [<a href='http://php.net/function.include-once'>function.include-once</a>]: failed to open stream: No such file or directory in [APP/views/layouts/default.ctp, line 68]
2010-02-04 22:59:01 Warning: Warning (2): include_once() [<a href='http://php.net/function.include'>function.include</a>]: Failed opening 'noticias/noticias_mini.php' for inclusion (include_path='/home/www/educadvbsas:/home/www/educadvbsas/app/:.:/usr/lib/php') in [APP/views/layouts/default.ctp, line 68]
2010-02-04 23:04:04 Warning: Warning (512): Method HtmlHelper::img does not exist in [CORE/cake/libs/view/helper.php, line 143]
2010-02-04 23:04:04 Warning: Warning (512): Method HtmlHelper::img does not exist in [CORE/cake/libs/view/helper.php, line 143]
2010-02-04 23:04:04 Warning: Warning (512): Method HtmlHelper::img does not exist in [CORE/cake/libs/view/helper.php, line 143]
2010-02-04 23:04:04 Warning: Warning (512): Method HtmlHelper::img does not exist in [CORE/cake/libs/view/helper.php, line 143]
2010-02-04 23:04:04 Warning: Warning (512): Method HtmlHelper::img does not exist in [CORE/cake/libs/view/helper.php, line 143]
2010-02-04 23:04:04 Warning: Warning (512): Method HtmlHelper::img does not exist in [CORE/cake/libs/view/helper.php, line 143]
2010-02-07 17:34:48 Warning: Warning (2): mysql_connect() [<a href='http://php.net/function.mysql-connect'>function.mysql-connect</a>]: Access denied for user 'educaadvsas'@'localhost' (using password: YES) in [CORE/cake/libs/model/datasources/dbo/dbo_mysql.php, line 370]
2010-02-07 17:34:48 Warning: Warning (2): mysql_select_db(): supplied argument is not a valid MySQL-Link resource in [CORE/cake/libs/model/datasources/dbo/dbo_mysql.php, line 375]
2010-02-07 17:34:48 Warning: Warning (2): mysql_get_server_info(): supplied argument is not a valid MySQL-Link resource in [CORE/cake/libs/model/datasources/dbo/dbo_mysql.php, line 383]
2010-02-07 17:34:48 Warning: Warning (2): mysql_query(): supplied argument is not a valid MySQL-Link resource in [CORE/cake/libs/model/datasources/dbo/dbo_mysql.php, line 407]
2010-02-07 17:34:48 Warning: Warning (2): mysql_connect() [<a href='http://php.net/function.mysql-connect'>function.mysql-connect</a>]: Access denied for user 'educaadvsas'@'localhost' (using password: YES) in [CORE/cake/libs/model/datasources/dbo/dbo_mysql.php, line 370]
2010-02-07 17:34:48 Warning: Warning (2): mysql_select_db(): supplied argument is not a valid MySQL-Link resource in [CORE/cake/libs/model/datasources/dbo/dbo_mysql.php, line 375]
2010-02-07 17:34:48 Warning: Warning (2): mysql_get_server_info(): supplied argument is not a valid MySQL-Link resource in [CORE/cake/libs/model/datasources/dbo/dbo_mysql.php, line 383]
2010-02-07 17:34:48 Warning: Warning (2): mysql_query(): supplied argument is not a valid MySQL-Link resource in [CORE/cake/libs/model/datasources/dbo/dbo_mysql.php, line 407]
2010-02-07 17:34:48 Warning: Warning (2): mysql_connect() [<a href='http://php.net/function.mysql-connect'>function.mysql-connect</a>]: Access denied for user 'educaadvsas'@'localhost' (using password: YES) in [CORE/cake/libs/model/datasources/dbo/dbo_mysql.php, line 370]
2010-02-07 17:34:48 Warning: Warning (2): mysql_select_db(): supplied argument is not a valid MySQL-Link resource in [CORE/cake/libs/model/datasources/dbo/dbo_mysql.php, line 375]
2010-02-07 17:34:48 Warning: Warning (2): mysql_get_server_info(): supplied argument is not a valid MySQL-Link resource in [CORE/cake/libs/model/datasources/dbo/dbo_mysql.php, line 383]
2010-02-07 17:34:48 Warning: Warning (2): mysql_query(): supplied argument is not a valid MySQL-Link resource in [CORE/cake/libs/model/datasources/dbo/dbo_mysql.php, line 407]
2010-02-07 17:34:48 Warning: Warning (2): mysql_connect() [<a href='http://php.net/function.mysql-connect'>function.mysql-connect</a>]: Access denied for user 'educaadvsas'@'localhost' (using password: YES) in [CORE/cake/libs/model/datasources/dbo/dbo_mysql.php, line 370]
2010-02-07 17:34:48 Warning: Warning (2): mysql_select_db(): supplied argument is not a valid MySQL-Link resource in [CORE/cake/libs/model/datasources/dbo/dbo_mysql.php, line 375]
2010-02-07 17:34:48 Warning: Warning (2): mysql_get_server_info(): supplied argument is not a valid MySQL-Link resource in [CORE/cake/libs/model/datasources/dbo/dbo_mysql.php, line 383]
2010-02-07 17:34:48 Warning: Warning (2): mysql_query(): supplied argument is not a valid MySQL-Link resource in [CORE/cake/libs/model/datasources/dbo/dbo_mysql.php, line 407]
2010-02-07 17:34:48 Warning: Warning (2): mysql_connect() [<a href='http://php.net/function.mysql-connect'>function.mysql-connect</a>]: Access denied for user 'educaadvsas'@'localhost' (using password: YES) in [CORE/cake/libs/model/datasources/dbo/dbo_mysql.php, line 370]
2010-02-07 17:34:48 Warning: Warning (2): mysql_select_db(): supplied argument is not a valid MySQL-Link resource in [CORE/cake/libs/model/datasources/dbo/dbo_mysql.php, line 375]
2010-02-07 17:34:48 Warning: Warning (2): mysql_get_server_info(): supplied argument is not a valid MySQL-Link resource in [CORE/cake/libs/model/datasources/dbo/dbo_mysql.php, line 383]
2010-02-07 17:34:48 Warning: Warning (2): mysql_query(): supplied argument is not a valid MySQL-Link resource in [CORE/cake/libs/model/datasources/dbo/dbo_mysql.php, line 407]
2010-02-07 17:34:48 Warning: Warning (2): mysql_connect() [<a href='http://php.net/function.mysql-connect'>function.mysql-connect</a>]: Access denied for user 'educaadvsas'@'localhost' (using password: YES) in [CORE/cake/libs/model/datasources/dbo/dbo_mysql.php, line 370]
2010-02-07 17:34:48 Warning: Warning (2): mysql_select_db(): supplied argument is not a valid MySQL-Link resource in [CORE/cake/libs/model/datasources/dbo/dbo_mysql.php, line 375]
2010-02-07 17:34:48 Warning: Warning (2): mysql_get_server_info(): supplied argument is not a valid MySQL-Link resource in [CORE/cake/libs/model/datasources/dbo/dbo_mysql.php, line 383]
2010-02-07 17:34:48 Warning: Warning (2): mysql_query(): supplied argument is not a valid MySQL-Link resource in [CORE/cake/libs/model/datasources/dbo/dbo_mysql.php, line 407]
2010-02-07 17:34:48 Warning: Warning (2): mysql_connect() [<a href='http://php.net/function.mysql-connect'>function.mysql-connect</a>]: Access denied for user 'educaadvsas'@'localhost' (using password: YES) in [CORE/cake/libs/model/datasources/dbo/dbo_mysql.php, line 370]
2010-02-07 17:34:48 Warning: Warning (2): mysql_select_db(): supplied argument is not a valid MySQL-Link resource in [CORE/cake/libs/model/datasources/dbo/dbo_mysql.php, line 375]
2010-02-07 17:34:48 Warning: Warning (2): mysql_get_server_info(): supplied argument is not a valid MySQL-Link resource in [CORE/cake/libs/model/datasources/dbo/dbo_mysql.php, line 383]
2010-02-07 17:34:48 Warning: Warning (2): mysql_query(): supplied argument is not a valid MySQL-Link resource in [CORE/cake/libs/model/datasources/dbo/dbo_mysql.php, line 407]
2010-02-07 17:34:48 Warning: Warning (2): mysql_connect() [<a href='http://php.net/function.mysql-connect'>function.mysql-connect</a>]: Access denied for user 'educaadvsas'@'localhost' (using password: YES) in [CORE/cake/libs/model/datasources/dbo/dbo_mysql.php, line 370]
2010-02-07 17:34:48 Warning: Warning (2): mysql_select_db(): supplied argument is not a valid MySQL-Link resource in [CORE/cake/libs/model/datasources/dbo/dbo_mysql.php, line 375]
2010-02-07 17:34:48 Warning: Warning (2): mysql_get_server_info(): supplied argument is not a valid MySQL-Link resource in [CORE/cake/libs/model/datasources/dbo/dbo_mysql.php, line 383]
2010-02-07 17:34:48 Warning: Warning (2): mysql_connect() [<a href='http://php.net/function.mysql-connect'>function.mysql-connect</a>]: Access denied for user 'educaadvsas'@'localhost' (using password: YES) in [CORE/cake/libs/model/datasources/dbo/dbo_mysql.php, line 370]
2010-02-07 17:34:48 Warning: Warning (2): mysql_select_db(): supplied argument is not a valid MySQL-Link resource in [CORE/cake/libs/model/datasources/dbo/dbo_mysql.php, line 375]
2010-02-07 17:34:48 Warning: Warning (2): mysql_get_server_info(): supplied argument is not a valid MySQL-Link resource in [CORE/cake/libs/model/datasources/dbo/dbo_mysql.php, line 383]
2010-02-07 17:34:48 Warning: Warning (2): mysql_query(): supplied argument is not a valid MySQL-Link resource in [CORE/cake/libs/model/datasources/dbo/dbo_mysql.php, line 407]
2010-02-07 17:34:48 Warning: Warning (2): mysql_query(): supplied argument is not a valid MySQL-Link resource in [CORE/cake/libs/model/datasources/dbo/dbo_mysql.php, line 407]
2010-02-07 16:50:38 Warning: Warning (512): <span style = "color:Red;text-align:left"><b>SQL Error:</b> 1064: You have an error in your SQL syntax; check the manual that corresponds to your MySQL server version for the right syntax to use near 'colegios` AS `Colegio`   WHERE 1 = 1' at line 1</span> in [CORE/cake/libs/model/datasources/dbo_source.php, line 514]
2010-02-07 16:50:44 Warning: Warning (512): <span style = "color:Red;text-align:left"><b>SQL Error:</b> 1054: Unknown column 'Noticias.colegio_id' in 'on clause'</span> in [CORE/cake/libs/model/datasources/dbo_source.php, line 514]
2010-02-07 16:50:44 Warning: Warning (2): Invalid argument supplied for foreach() in [CORE/cake/libs/view/scaffolds/index.ctp, line 41]
